

================================================================
== Synthesis Summary Report of 'gathered_kernel'
================================================================
+ General Information: 
    * Date:           Fri Apr  2 22:08:22 2021
    * Version:        2020.2 (Build 3064766 on Wed Nov 18 09:12:47 MST 2020)
    * Project:        gathered_kernel
    * Solution:       solution (Vitis Kernel Flow Target)
    * Product family: virtexuplus
    * Target device:  xcu200-fsgd2104-2-e
    

+ Performance & Resource Estimates: 
    
    PS: '+' for module; 'o' for loop; '*' for dataflow
    +--------------------------------------+--------+-------+---------+-----------+----------+---------+------+----------+----------+------------+--------------+--------------+-----+
    |                Modules               |  Issue |       | Latency |  Latency  | Iteration|         | Trip |          |          |            |              |              |     |
    |                & Loops               |  Type  | Slack | (cycles)|    (ns)   |  Latency | Interval| Count| Pipelined|   BRAM   |     DSP    |      FF      |      LUT     | URAM|
    +--------------------------------------+--------+-------+---------+-----------+----------+---------+------+----------+----------+------------+--------------+--------------+-----+
    |+ gathered_kernel                     |  Timing|   0.00|        -|          -|         -|        -|     -|        no|  180 (4%)|  2208 (32%)|  390699 (16%)|  208115 (17%)|    -|
    | + grp_down_lc_mgvf_fu_182            |  Timing|   0.00|     4443|  1.481e+04|         -|     4443|     -|        no|         -|  1104 (16%)|   190708 (8%)|    98371 (8%)|    -|
    |  + grp_lc_mgvf_stencil_core_fu_5012  |       -|  -0.09|       90|    299.970|         -|        1|     -|       yes|         -|     69 (1%)|    9946 (~0%)|    5751 (~0%)|    -|
    |  + grp_lc_mgvf_stencil_core_fu_5030  |       -|  -0.09|       90|    299.970|         -|        1|     -|       yes|         -|     69 (1%)|    9946 (~0%)|    5751 (~0%)|    -|
    |  + grp_lc_mgvf_stencil_core_fu_5050  |       -|  -0.09|       90|    299.970|         -|        1|     -|       yes|         -|     69 (1%)|    9946 (~0%)|    5751 (~0%)|    -|
    |  + grp_lc_mgvf_stencil_core_fu_5070  |       -|  -0.09|       90|    299.970|         -|        1|     -|       yes|         -|     69 (1%)|    9946 (~0%)|    5751 (~0%)|    -|
    |  + grp_lc_mgvf_stencil_core_fu_5090  |       -|  -0.09|       90|    299.970|         -|        1|     -|       yes|         -|     69 (1%)|    9946 (~0%)|    5751 (~0%)|    -|
    |  + grp_lc_mgvf_stencil_core_fu_5110  |       -|  -0.09|       90|    299.970|         -|        1|     -|       yes|         -|     69 (1%)|    9946 (~0%)|    5751 (~0%)|    -|
    |  + grp_lc_mgvf_stencil_core_fu_5130  |       -|  -0.09|       90|    299.970|         -|        1|     -|       yes|         -|     69 (1%)|    9946 (~0%)|    5751 (~0%)|    -|
    |  + grp_lc_mgvf_stencil_core_fu_5150  |       -|  -0.09|       90|    299.970|         -|        1|     -|       yes|         -|     69 (1%)|    9946 (~0%)|    5751 (~0%)|    -|
    |  + grp_lc_mgvf_stencil_core_fu_5170  |       -|  -0.09|       90|    299.970|         -|        1|     -|       yes|         -|     69 (1%)|    9946 (~0%)|    5751 (~0%)|    -|
    |  + grp_lc_mgvf_stencil_core_fu_5190  |       -|  -0.09|       90|    299.970|         -|        1|     -|       yes|         -|     69 (1%)|    9946 (~0%)|    5751 (~0%)|    -|
    |  + grp_lc_mgvf_stencil_core_fu_5210  |       -|  -0.09|       90|    299.970|         -|        1|     -|       yes|         -|     69 (1%)|    9946 (~0%)|    5751 (~0%)|    -|
    |  + grp_lc_mgvf_stencil_core_fu_5230  |       -|  -0.09|       90|    299.970|         -|        1|     -|       yes|         -|     69 (1%)|    9946 (~0%)|    5751 (~0%)|    -|
    |  + grp_lc_mgvf_stencil_core_fu_5250  |       -|  -0.09|       90|    299.970|         -|        1|     -|       yes|         -|     69 (1%)|    9946 (~0%)|    5751 (~0%)|    -|
    |  + grp_lc_mgvf_stencil_core_fu_5270  |       -|  -0.09|       90|    299.970|         -|        1|     -|       yes|         -|     69 (1%)|    9946 (~0%)|    5751 (~0%)|    -|
    |  + grp_lc_mgvf_stencil_core_fu_5290  |       -|  -0.09|       90|    299.970|         -|        1|     -|       yes|         -|     69 (1%)|    9946 (~0%)|    5751 (~0%)|    -|
    |  + grp_lc_mgvf_stencil_core_fu_5309  |       -|  -0.09|       90|    299.970|         -|        1|     -|       yes|         -|     69 (1%)|    9946 (~0%)|    5751 (~0%)|    -|
    |  o DOWN_INITIALZE_LOOP               |       -|  -2.43|       11|     36.663|         2|        1|    10|       yes|         -|           -|             -|             -|    -|
    |  o DOWN_MAJOR_LOOP                   |       -|  -2.43|     4221|  1.407e+04|        95|        1|  4128|       yes|         -|           -|             -|             -|    -|
    | + grp_up_lc_mgvf_fu_197              |  Timing|   0.00|     4443|  1.481e+04|         -|     4443|     -|        no|         -|  1104 (16%)|   190196 (8%)|    98226 (8%)|    -|
    |  + grp_lc_mgvf_stencil_core_fu_5003  |       -|  -0.09|       90|    299.970|         -|        1|     -|       yes|         -|     69 (1%)|    9946 (~0%)|    5751 (~0%)|    -|
    |  + grp_lc_mgvf_stencil_core_fu_5021  |       -|  -0.09|       90|    299.970|         -|        1|     -|       yes|         -|     69 (1%)|    9946 (~0%)|    5751 (~0%)|    -|
    |  + grp_lc_mgvf_stencil_core_fu_5041  |       -|  -0.09|       90|    299.970|         -|        1|     -|       yes|         -|     69 (1%)|    9946 (~0%)|    5751 (~0%)|    -|
    |  + grp_lc_mgvf_stencil_core_fu_5061  |       -|  -0.09|       90|    299.970|         -|        1|     -|       yes|         -|     69 (1%)|    9946 (~0%)|    5751 (~0%)|    -|
    |  + grp_lc_mgvf_stencil_core_fu_5081  |       -|  -0.09|       90|    299.970|         -|        1|     -|       yes|         -|     69 (1%)|    9946 (~0%)|    5751 (~0%)|    -|
    |  + grp_lc_mgvf_stencil_core_fu_5101  |       -|  -0.09|       90|    299.970|         -|        1|     -|       yes|         -|     69 (1%)|    9946 (~0%)|    5751 (~0%)|    -|
    |  + grp_lc_mgvf_stencil_core_fu_5121  |       -|  -0.09|       90|    299.970|         -|        1|     -|       yes|         -|     69 (1%)|    9946 (~0%)|    5751 (~0%)|    -|
    |  + grp_lc_mgvf_stencil_core_fu_5141  |       -|  -0.09|       90|    299.970|         -|        1|     -|       yes|         -|     69 (1%)|    9946 (~0%)|    5751 (~0%)|    -|
    |  + grp_lc_mgvf_stencil_core_fu_5161  |       -|  -0.09|       90|    299.970|         -|        1|     -|       yes|         -|     69 (1%)|    9946 (~0%)|    5751 (~0%)|    -|
    |  + grp_lc_mgvf_stencil_core_fu_5181  |       -|  -0.09|       90|    299.970|         -|        1|     -|       yes|         -|     69 (1%)|    9946 (~0%)|    5751 (~0%)|    -|
    |  + grp_lc_mgvf_stencil_core_fu_5201  |       -|  -0.09|       90|    299.970|         -|        1|     -|       yes|         -|     69 (1%)|    9946 (~0%)|    5751 (~0%)|    -|
    |  + grp_lc_mgvf_stencil_core_fu_5221  |       -|  -0.09|       90|    299.970|         -|        1|     -|       yes|         -|     69 (1%)|    9946 (~0%)|    5751 (~0%)|    -|
    |  + grp_lc_mgvf_stencil_core_fu_5241  |       -|  -0.09|       90|    299.970|         -|        1|     -|       yes|         -|     69 (1%)|    9946 (~0%)|    5751 (~0%)|    -|
    |  + grp_lc_mgvf_stencil_core_fu_5261  |       -|  -0.09|       90|    299.970|         -|        1|     -|       yes|         -|     69 (1%)|    9946 (~0%)|    5751 (~0%)|    -|
    |  + grp_lc_mgvf_stencil_core_fu_5281  |       -|  -0.09|       90|    299.970|         -|        1|     -|       yes|         -|     69 (1%)|    9946 (~0%)|    5751 (~0%)|    -|
    |  + grp_lc_mgvf_stencil_core_fu_5301  |       -|  -0.09|       90|    299.970|         -|        1|     -|       yes|         -|     69 (1%)|    9946 (~0%)|    5751 (~0%)|    -|
    |  o UP_INITIALIZE_LOOP                |       -|  -2.43|       11|     36.663|         2|        1|    10|       yes|         -|           -|             -|             -|    -|
    |  o UP_MAJOR_LOOP                     |       -|  -2.43|     4221|  1.407e+04|        95|        1|  4128|       yes|         -|           -|             -|             -|    -|
    | o VITIS_LOOP_240_1                   |       -|  -2.43|        -|          -|      8890|        -|     -|        no|         -|           -|             -|             -|    -|
    | o VITIS_LOOP_229_1                   |       -|  -2.43|        -|          -|      8890|        -|     -|        no|         -|           -|             -|             -|    -|
    +--------------------------------------+--------+-------+---------+-----------+----------+---------+------+----------+----------+------------+--------------+--------------+-----+

