

================================================================
== Vitis HLS Report for 'up_kernel'
================================================================
* Date:           Fri Apr  2 17:13:18 2021

* Version:        2020.2 (Build 3064766 on Wed Nov 18 09:12:47 MST 2020)
* Project:        exchange_stream_up_kernel
* Solution:       solution (Vitis Kernel Flow Target)
* Product family: virtexuplus
* Target device:  xcu200-fsgd2104-2-e


================================================================
== Performance Estimates
================================================================
+ Timing: 
    * Summary: 
    +--------+---------+----------+------------+
    |  Clock |  Target | Estimated| Uncertainty|
    +--------+---------+----------+------------+
    |ap_clk  |  3.33 ns|  2.433 ns|     0.90 ns|
    +--------+---------+----------+------------+

+ Latency: 
    * Summary: 
    +---------+---------+-----------+-----------+------+------+---------+
    |  Latency (cycles) |   Latency (absolute)  |   Interval  | Pipeline|
    |   min   |   max   |    min    |    max    |  min |  max |   Type  |
    +---------+---------+-----------+-----------+------+------+---------+
    |     8871|     8871|  29.567 us|  29.567 us|  8872|  8872|     none|
    +---------+---------+-----------+-----------+------+------+---------+

    + Detail: 
        * Instance: 
        +--------------------------+---------------+---------+---------+-----------+-----------+------+------+---------+
        |                          |               |  Latency (cycles) |   Latency (absolute)  |   Interval  | Pipeline|
        |         Instance         |     Module    |   min   |   max   |    min    |    max    |  min |  max |   Type  |
        +--------------------------+---------------+---------+---------+-----------+-----------+------+------+---------+
        |grp_lc_mgvf_fu_112        |lc_mgvf        |     4411|     4411|  14.702 us|  14.702 us|  4411|  4411|     none|
        |grp_data_exchange_fu_128  |data_exchange  |       20|       20|  66.660 ns|  66.660 ns|    20|    20|     none|
        +--------------------------+---------------+---------+---------+-----------+-----------+------+------+---------+

        * Loop: 
        N/A



================================================================
== Utilization Estimates
================================================================
* Summary: 
+---------------------+---------+------+---------+---------+-----+
|         Name        | BRAM_18K|  DSP |    FF   |   LUT   | URAM|
+---------------------+---------+------+---------+---------+-----+
|DSP                  |        -|     -|        -|        -|    -|
|Expression           |        -|     -|        0|      146|    -|
|FIFO                 |        -|     -|        -|        -|    -|
|Instance             |       90|  1104|   194837|   103641|    -|
|Memory               |        0|     -|      512|      514|    -|
|Multiplexer          |        -|     -|        -|      459|    -|
|Register             |        -|     -|      336|        -|    -|
+---------------------+---------+------+---------+---------+-----+
|Total                |       90|  1104|   195685|   104760|    0|
+---------------------+---------+------+---------+---------+-----+
|Available SLR        |     1440|  2280|   788160|   394080|  320|
+---------------------+---------+------+---------+---------+-----+
|Utilization SLR (%)  |        6|    48|       24|       26|    0|
+---------------------+---------+------+---------+---------+-----+
|Available            |     4320|  6840|  2364480|  1182240|  960|
+---------------------+---------+------+---------+---------+-----+
|Utilization (%)      |        2|    16|        8|        8|    0|
+---------------------+---------+------+---------+---------+-----+

+ Detail: 
    * Instance: 
    +--------------------------+---------------+---------+------+--------+-------+-----+
    |         Instance         |     Module    | BRAM_18K|  DSP |   FF   |  LUT  | URAM|
    +--------------------------+---------------+---------+------+--------+-------+-----+
    |I1_m_axi_U                |I1_m_axi       |       30|     0|    1415|   1585|    0|
    |control_s_axi_U           |control_s_axi  |        0|     0|     246|    424|    0|
    |grp_data_exchange_fu_128  |data_exchange  |        0|     0|      16|    135|    0|
    |imgvf1_m_axi_U            |imgvf1_m_axi   |       30|     0|    1415|   1585|    0|
    |grp_lc_mgvf_fu_112        |lc_mgvf        |        0|  1104|  190330|  98327|    0|
    |result1_m_axi_U           |result1_m_axi  |       30|     0|    1415|   1585|    0|
    +--------------------------+---------------+---------+------+--------+-------+-----+
    |Total                     |               |       90|  1104|  194837| 103641|    0|
    +--------------------------+---------------+---------+------+--------+-------+-----+

    * DSP: 
    N/A

    * Memory: 
    +-----------------+---------------+---------+-----+-----+-----+------+-----+------+-------------+
    |      Memory     |     Module    | BRAM_18K|  FF | LUT | URAM| Words| Bits| Banks| W*Bits*Banks|
    +-----------------+---------------+---------+-----+-----+-----+------+-----+------+-------------+
    |buffer_from_V_U  |buffer_from_V  |        0|  256|  257|    0|     8|  512|     1|         4096|
    |buffer_to_V_U    |buffer_to_V    |        0|  256|  257|    0|     8|  512|     1|         4096|
    +-----------------+---------------+---------+-----+-----+-----+------+-----+------+-------------+
    |Total            |               |        0|  512|  514|    0|    16| 1024|     2|         8192|
    +-----------------+---------------+---------+-----+-----+-----+------+-----+------+-------------+

    * FIFO: 
    N/A

    * Expression: 
    +-----------------------------------------+----------+----+---+----+------------+------------+
    |              Variable Name              | Operation| DSP| FF| LUT| Bitwidth P0| Bitwidth P1|
    +-----------------------------------------+----------+----+---+----+------------+------------+
    |empty_33_fu_156_p2                       |         +|   0|  0|  71|          64|          11|
    |empty_fu_150_p2                          |         +|   0|  0|  71|          64|          11|
    |ap_block_state1                          |        or|   0|  0|   2|           1|           1|
    |grp_data_exchange_fu_128_port_to_TREADY  |        or|   0|  0|   2|           1|           1|
    +-----------------------------------------+----------+----+---+----+------------+------------+
    |Total                                    |          |   0|  0| 146|         130|          24|
    +-----------------------------------------+----------+----+---+----+------------+------------+

    * Multiplexer: 
    +------------------------------------------+----+-----------+-----+-----------+
    |                   Name                   | LUT| Input Size| Bits| Total Bits|
    +------------------------------------------+----+-----------+-----+-----------+
    |I1_ARVALID                                |   9|          2|    1|          2|
    |I1_RREADY                                 |   9|          2|    1|          2|
    |ap_NS_fsm                                 |  59|         11|    1|         11|
    |ap_done                                   |   9|          2|    1|          2|
    |buffer_from_V_ce0                         |   9|          2|    1|          2|
    |buffer_from_V_we0                         |   9|          2|    1|          2|
    |buffer_to_V_address0                      |  14|          3|    3|          9|
    |buffer_to_V_ce0                           |  14|          3|    1|          3|
    |buffer_to_V_we0                           |   9|          2|    1|          2|
    |grp_lc_mgvf_fu_112_imgvf                  |  14|          3|   64|        192|
    |grp_lc_mgvf_fu_112_m_axi_imgvf1_ARREADY   |  14|          3|    1|          3|
    |grp_lc_mgvf_fu_112_m_axi_imgvf1_RDATA     |  14|          3|  512|       1536|
    |grp_lc_mgvf_fu_112_m_axi_imgvf1_RID       |  14|          3|    1|          3|
    |grp_lc_mgvf_fu_112_m_axi_imgvf1_RLAST     |  14|          3|    1|          3|
    |grp_lc_mgvf_fu_112_m_axi_imgvf1_RRESP     |  14|          3|    2|          6|
    |grp_lc_mgvf_fu_112_m_axi_imgvf1_RUSER     |  14|          3|    1|          3|
    |grp_lc_mgvf_fu_112_m_axi_imgvf1_RVALID    |  14|          3|    1|          3|
    |grp_lc_mgvf_fu_112_m_axi_result1_AWREADY  |  14|          3|    1|          3|
    |grp_lc_mgvf_fu_112_m_axi_result1_BID      |  14|          3|    1|          3|
    |grp_lc_mgvf_fu_112_m_axi_result1_BRESP    |  14|          3|    2|          6|
    |grp_lc_mgvf_fu_112_m_axi_result1_BUSER    |  14|          3|    1|          3|
    |grp_lc_mgvf_fu_112_m_axi_result1_BVALID   |  14|          3|    1|          3|
    |grp_lc_mgvf_fu_112_m_axi_result1_WREADY   |  14|          3|    1|          3|
    |grp_lc_mgvf_fu_112_result                 |  14|          3|   64|        192|
    |imgvf1_ARVALID                            |   9|          2|    1|          2|
    |imgvf1_AWVALID                            |   9|          2|    1|          2|
    |imgvf1_BREADY                             |   9|          2|    1|          2|
    |imgvf1_RREADY                             |   9|          2|    1|          2|
    |imgvf1_WVALID                             |   9|          2|    1|          2|
    |port_from_TREADY_int_regslice             |   9|          2|    1|          2|
    |port_to_TVALID_int_regslice               |   9|          2|    1|          2|
    |result1_ARVALID                           |   9|          2|    1|          2|
    |result1_AWVALID                           |   9|          2|    1|          2|
    |result1_BREADY                            |   9|          2|    1|          2|
    |result1_RREADY                            |   9|          2|    1|          2|
    |result1_WVALID                            |   9|          2|    1|          2|
    +------------------------------------------+----+-----------+-----+-----------+
    |Total                                     | 459|         98|  677|       2021|
    +------------------------------------------+----+-----------+-----+-----------+

    * Register: 
    +---------------------------------------+----+----+-----+-----------+
    |                  Name                 | FF | LUT| Bits| Const Bits|
    +---------------------------------------+----+----+-----+-----------+
    |I_read_reg_161                         |  64|   0|   64|          0|
    |ap_CS_fsm                              |  10|   0|   10|          0|
    |ap_done_reg                            |   1|   0|    1|          0|
    |ap_rst_n_inv                           |   1|   0|    1|          0|
    |ap_rst_reg_1                           |   1|   0|    1|          0|
    |ap_rst_reg_2                           |   1|   0|    1|          0|
    |empty_33_reg_182                       |  64|   0|   64|          0|
    |empty_reg_177                          |  64|   0|   64|          0|
    |grp_data_exchange_fu_128_ap_start_reg  |   1|   0|    1|          0|
    |grp_lc_mgvf_fu_112_ap_start_reg        |   1|   0|    1|          0|
    |imgvf_read_reg_166                     |  64|   0|   64|          0|
    |result_read_reg_171                    |  64|   0|   64|          0|
    +---------------------------------------+----+----+-----+-----------+
    |Total                                  | 336|   0|  336|          0|
    +---------------------------------------+----+----+-----+-----------+



================================================================
== Interface
================================================================
* Summary: 
+------------------------+-----+-----+---------------+--------------------+--------------+
|        RTL Ports       | Dir | Bits|    Protocol   |    Source Object   |    C Type    |
+------------------------+-----+-----+---------------+--------------------+--------------+
|s_axi_control_AWVALID   |   in|    1|          s_axi|             control|        scalar|
|s_axi_control_AWREADY   |  out|    1|          s_axi|             control|        scalar|
|s_axi_control_AWADDR    |   in|    6|          s_axi|             control|        scalar|
|s_axi_control_WVALID    |   in|    1|          s_axi|             control|        scalar|
|s_axi_control_WREADY    |  out|    1|          s_axi|             control|        scalar|
|s_axi_control_WDATA     |   in|   32|          s_axi|             control|        scalar|
|s_axi_control_WSTRB     |   in|    4|          s_axi|             control|        scalar|
|s_axi_control_ARVALID   |   in|    1|          s_axi|             control|        scalar|
|s_axi_control_ARREADY   |  out|    1|          s_axi|             control|        scalar|
|s_axi_control_ARADDR    |   in|    6|          s_axi|             control|        scalar|
|s_axi_control_RVALID    |  out|    1|          s_axi|             control|        scalar|
|s_axi_control_RREADY    |   in|    1|          s_axi|             control|        scalar|
|s_axi_control_RDATA     |  out|   32|          s_axi|             control|        scalar|
|s_axi_control_RRESP     |  out|    2|          s_axi|             control|        scalar|
|s_axi_control_BVALID    |  out|    1|          s_axi|             control|        scalar|
|s_axi_control_BREADY    |   in|    1|          s_axi|             control|        scalar|
|s_axi_control_BRESP     |  out|    2|          s_axi|             control|        scalar|
|ap_clk                  |   in|    1|  ap_ctrl_chain|           up_kernel|  return value|
|ap_rst_n                |   in|    1|  ap_ctrl_chain|           up_kernel|  return value|
|interrupt               |  out|    1|  ap_ctrl_chain|           up_kernel|  return value|
|m_axi_result1_AWVALID   |  out|    1|          m_axi|             result1|       pointer|
|m_axi_result1_AWREADY   |   in|    1|          m_axi|             result1|       pointer|
|m_axi_result1_AWADDR    |  out|   64|          m_axi|             result1|       pointer|
|m_axi_result1_AWID      |  out|    1|          m_axi|             result1|       pointer|
|m_axi_result1_AWLEN     |  out|    8|          m_axi|             result1|       pointer|
|m_axi_result1_AWSIZE    |  out|    3|          m_axi|             result1|       pointer|
|m_axi_result1_AWBURST   |  out|    2|          m_axi|             result1|       pointer|
|m_axi_result1_AWLOCK    |  out|    2|          m_axi|             result1|       pointer|
|m_axi_result1_AWCACHE   |  out|    4|          m_axi|             result1|       pointer|
|m_axi_result1_AWPROT    |  out|    3|          m_axi|             result1|       pointer|
|m_axi_result1_AWQOS     |  out|    4|          m_axi|             result1|       pointer|
|m_axi_result1_AWREGION  |  out|    4|          m_axi|             result1|       pointer|
|m_axi_result1_AWUSER    |  out|    1|          m_axi|             result1|       pointer|
|m_axi_result1_WVALID    |  out|    1|          m_axi|             result1|       pointer|
|m_axi_result1_WREADY    |   in|    1|          m_axi|             result1|       pointer|
|m_axi_result1_WDATA     |  out|  512|          m_axi|             result1|       pointer|
|m_axi_result1_WSTRB     |  out|   64|          m_axi|             result1|       pointer|
|m_axi_result1_WLAST     |  out|    1|          m_axi|             result1|       pointer|
|m_axi_result1_WID       |  out|    1|          m_axi|             result1|       pointer|
|m_axi_result1_WUSER     |  out|    1|          m_axi|             result1|       pointer|
|m_axi_result1_ARVALID   |  out|    1|          m_axi|             result1|       pointer|
|m_axi_result1_ARREADY   |   in|    1|          m_axi|             result1|       pointer|
|m_axi_result1_ARADDR    |  out|   64|          m_axi|             result1|       pointer|
|m_axi_result1_ARID      |  out|    1|          m_axi|             result1|       pointer|
|m_axi_result1_ARLEN     |  out|    8|          m_axi|             result1|       pointer|
|m_axi_result1_ARSIZE    |  out|    3|          m_axi|             result1|       pointer|
|m_axi_result1_ARBURST   |  out|    2|          m_axi|             result1|       pointer|
|m_axi_result1_ARLOCK    |  out|    2|          m_axi|             result1|       pointer|
|m_axi_result1_ARCACHE   |  out|    4|          m_axi|             result1|       pointer|
|m_axi_result1_ARPROT    |  out|    3|          m_axi|             result1|       pointer|
|m_axi_result1_ARQOS     |  out|    4|          m_axi|             result1|       pointer|
|m_axi_result1_ARREGION  |  out|    4|          m_axi|             result1|       pointer|
|m_axi_result1_ARUSER    |  out|    1|          m_axi|             result1|       pointer|
|m_axi_result1_RVALID    |   in|    1|          m_axi|             result1|       pointer|
|m_axi_result1_RREADY    |  out|    1|          m_axi|             result1|       pointer|
|m_axi_result1_RDATA     |   in|  512|          m_axi|             result1|       pointer|
|m_axi_result1_RLAST     |   in|    1|          m_axi|             result1|       pointer|
|m_axi_result1_RID       |   in|    1|          m_axi|             result1|       pointer|
|m_axi_result1_RUSER     |   in|    1|          m_axi|             result1|       pointer|
|m_axi_result1_RRESP     |   in|    2|          m_axi|             result1|       pointer|
|m_axi_result1_BVALID    |   in|    1|          m_axi|             result1|       pointer|
|m_axi_result1_BREADY    |  out|    1|          m_axi|             result1|       pointer|
|m_axi_result1_BRESP     |   in|    2|          m_axi|             result1|       pointer|
|m_axi_result1_BID       |   in|    1|          m_axi|             result1|       pointer|
|m_axi_result1_BUSER     |   in|    1|          m_axi|             result1|       pointer|
|m_axi_imgvf1_AWVALID    |  out|    1|          m_axi|              imgvf1|       pointer|
|m_axi_imgvf1_AWREADY    |   in|    1|          m_axi|              imgvf1|       pointer|
|m_axi_imgvf1_AWADDR     |  out|   64|          m_axi|              imgvf1|       pointer|
|m_axi_imgvf1_AWID       |  out|    1|          m_axi|              imgvf1|       pointer|
|m_axi_imgvf1_AWLEN      |  out|    8|          m_axi|              imgvf1|       pointer|
|m_axi_imgvf1_AWSIZE     |  out|    3|          m_axi|              imgvf1|       pointer|
|m_axi_imgvf1_AWBURST    |  out|    2|          m_axi|              imgvf1|       pointer|
|m_axi_imgvf1_AWLOCK     |  out|    2|          m_axi|              imgvf1|       pointer|
|m_axi_imgvf1_AWCACHE    |  out|    4|          m_axi|              imgvf1|       pointer|
|m_axi_imgvf1_AWPROT     |  out|    3|          m_axi|              imgvf1|       pointer|
|m_axi_imgvf1_AWQOS      |  out|    4|          m_axi|              imgvf1|       pointer|
|m_axi_imgvf1_AWREGION   |  out|    4|          m_axi|              imgvf1|       pointer|
|m_axi_imgvf1_AWUSER     |  out|    1|          m_axi|              imgvf1|       pointer|
|m_axi_imgvf1_WVALID     |  out|    1|          m_axi|              imgvf1|       pointer|
|m_axi_imgvf1_WREADY     |   in|    1|          m_axi|              imgvf1|       pointer|
|m_axi_imgvf1_WDATA      |  out|  512|          m_axi|              imgvf1|       pointer|
|m_axi_imgvf1_WSTRB      |  out|   64|          m_axi|              imgvf1|       pointer|
|m_axi_imgvf1_WLAST      |  out|    1|          m_axi|              imgvf1|       pointer|
|m_axi_imgvf1_WID        |  out|    1|          m_axi|              imgvf1|       pointer|
|m_axi_imgvf1_WUSER      |  out|    1|          m_axi|              imgvf1|       pointer|
|m_axi_imgvf1_ARVALID    |  out|    1|          m_axi|              imgvf1|       pointer|
|m_axi_imgvf1_ARREADY    |   in|    1|          m_axi|              imgvf1|       pointer|
|m_axi_imgvf1_ARADDR     |  out|   64|          m_axi|              imgvf1|       pointer|
|m_axi_imgvf1_ARID       |  out|    1|          m_axi|              imgvf1|       pointer|
|m_axi_imgvf1_ARLEN      |  out|    8|          m_axi|              imgvf1|       pointer|
|m_axi_imgvf1_ARSIZE     |  out|    3|          m_axi|              imgvf1|       pointer|
|m_axi_imgvf1_ARBURST    |  out|    2|          m_axi|              imgvf1|       pointer|
|m_axi_imgvf1_ARLOCK     |  out|    2|          m_axi|              imgvf1|       pointer|
|m_axi_imgvf1_ARCACHE    |  out|    4|          m_axi|              imgvf1|       pointer|
|m_axi_imgvf1_ARPROT     |  out|    3|          m_axi|              imgvf1|       pointer|
|m_axi_imgvf1_ARQOS      |  out|    4|          m_axi|              imgvf1|       pointer|
|m_axi_imgvf1_ARREGION   |  out|    4|          m_axi|              imgvf1|       pointer|
|m_axi_imgvf1_ARUSER     |  out|    1|          m_axi|              imgvf1|       pointer|
|m_axi_imgvf1_RVALID     |   in|    1|          m_axi|              imgvf1|       pointer|
|m_axi_imgvf1_RREADY     |  out|    1|          m_axi|              imgvf1|       pointer|
|m_axi_imgvf1_RDATA      |   in|  512|          m_axi|              imgvf1|       pointer|
|m_axi_imgvf1_RLAST      |   in|    1|          m_axi|              imgvf1|       pointer|
|m_axi_imgvf1_RID        |   in|    1|          m_axi|              imgvf1|       pointer|
|m_axi_imgvf1_RUSER      |   in|    1|          m_axi|              imgvf1|       pointer|
|m_axi_imgvf1_RRESP      |   in|    2|          m_axi|              imgvf1|       pointer|
|m_axi_imgvf1_BVALID     |   in|    1|          m_axi|              imgvf1|       pointer|
|m_axi_imgvf1_BREADY     |  out|    1|          m_axi|              imgvf1|       pointer|
|m_axi_imgvf1_BRESP      |   in|    2|          m_axi|              imgvf1|       pointer|
|m_axi_imgvf1_BID        |   in|    1|          m_axi|              imgvf1|       pointer|
|m_axi_imgvf1_BUSER      |   in|    1|          m_axi|              imgvf1|       pointer|
|m_axi_I1_AWVALID        |  out|    1|          m_axi|                  I1|       pointer|
|m_axi_I1_AWREADY        |   in|    1|          m_axi|                  I1|       pointer|
|m_axi_I1_AWADDR         |  out|   64|          m_axi|                  I1|       pointer|
|m_axi_I1_AWID           |  out|    1|          m_axi|                  I1|       pointer|
|m_axi_I1_AWLEN          |  out|    8|          m_axi|                  I1|       pointer|
|m_axi_I1_AWSIZE         |  out|    3|          m_axi|                  I1|       pointer|
|m_axi_I1_AWBURST        |  out|    2|          m_axi|                  I1|       pointer|
|m_axi_I1_AWLOCK         |  out|    2|          m_axi|                  I1|       pointer|
|m_axi_I1_AWCACHE        |  out|    4|          m_axi|                  I1|       pointer|
|m_axi_I1_AWPROT         |  out|    3|          m_axi|                  I1|       pointer|
|m_axi_I1_AWQOS          |  out|    4|          m_axi|                  I1|       pointer|
|m_axi_I1_AWREGION       |  out|    4|          m_axi|                  I1|       pointer|
|m_axi_I1_AWUSER         |  out|    1|          m_axi|                  I1|       pointer|
|m_axi_I1_WVALID         |  out|    1|          m_axi|                  I1|       pointer|
|m_axi_I1_WREADY         |   in|    1|          m_axi|                  I1|       pointer|
|m_axi_I1_WDATA          |  out|  512|          m_axi|                  I1|       pointer|
|m_axi_I1_WSTRB          |  out|   64|          m_axi|                  I1|       pointer|
|m_axi_I1_WLAST          |  out|    1|          m_axi|                  I1|       pointer|
|m_axi_I1_WID            |  out|    1|          m_axi|                  I1|       pointer|
|m_axi_I1_WUSER          |  out|    1|          m_axi|                  I1|       pointer|
|m_axi_I1_ARVALID        |  out|    1|          m_axi|                  I1|       pointer|
|m_axi_I1_ARREADY        |   in|    1|          m_axi|                  I1|       pointer|
|m_axi_I1_ARADDR         |  out|   64|          m_axi|                  I1|       pointer|
|m_axi_I1_ARID           |  out|    1|          m_axi|                  I1|       pointer|
|m_axi_I1_ARLEN          |  out|    8|          m_axi|                  I1|       pointer|
|m_axi_I1_ARSIZE         |  out|    3|          m_axi|                  I1|       pointer|
|m_axi_I1_ARBURST        |  out|    2|          m_axi|                  I1|       pointer|
|m_axi_I1_ARLOCK         |  out|    2|          m_axi|                  I1|       pointer|
|m_axi_I1_ARCACHE        |  out|    4|          m_axi|                  I1|       pointer|
|m_axi_I1_ARPROT         |  out|    3|          m_axi|                  I1|       pointer|
|m_axi_I1_ARQOS          |  out|    4|          m_axi|                  I1|       pointer|
|m_axi_I1_ARREGION       |  out|    4|          m_axi|                  I1|       pointer|
|m_axi_I1_ARUSER         |  out|    1|          m_axi|                  I1|       pointer|
|m_axi_I1_RVALID         |   in|    1|          m_axi|                  I1|       pointer|
|m_axi_I1_RREADY         |  out|    1|          m_axi|                  I1|       pointer|
|m_axi_I1_RDATA          |   in|  512|          m_axi|                  I1|       pointer|
|m_axi_I1_RLAST          |   in|    1|          m_axi|                  I1|       pointer|
|m_axi_I1_RID            |   in|    1|          m_axi|                  I1|       pointer|
|m_axi_I1_RUSER          |   in|    1|          m_axi|                  I1|       pointer|
|m_axi_I1_RRESP          |   in|    2|          m_axi|                  I1|       pointer|
|m_axi_I1_BVALID         |   in|    1|          m_axi|                  I1|       pointer|
|m_axi_I1_BREADY         |  out|    1|          m_axi|                  I1|       pointer|
|m_axi_I1_BRESP          |   in|    2|          m_axi|                  I1|       pointer|
|m_axi_I1_BID            |   in|    1|          m_axi|                  I1|       pointer|
|m_axi_I1_BUSER          |   in|    1|          m_axi|                  I1|       pointer|
|port_to_TDATA           |  out|  512|           axis|    port_to_V_data_V|       pointer|
|port_to_TVALID          |  out|    1|           axis|    port_to_V_last_V|       pointer|
|port_to_TREADY          |   in|    1|           axis|    port_to_V_last_V|       pointer|
|port_to_TLAST           |  out|    1|           axis|    port_to_V_last_V|       pointer|
|port_to_TKEEP           |  out|   64|           axis|    port_to_V_keep_V|       pointer|
|port_to_TSTRB           |  out|   64|           axis|    port_to_V_strb_V|       pointer|
|port_from_TDATA         |   in|  512|           axis|  port_from_V_data_V|       pointer|
|port_from_TVALID        |   in|    1|           axis|  port_from_V_last_V|       pointer|
|port_from_TREADY        |  out|    1|           axis|  port_from_V_last_V|       pointer|
|port_from_TLAST         |   in|    1|           axis|  port_from_V_last_V|       pointer|
|port_from_TKEEP         |   in|   64|           axis|  port_from_V_keep_V|       pointer|
|port_from_TSTRB         |   in|   64|           axis|  port_from_V_strb_V|       pointer|
+------------------------+-----+-----+---------------+--------------------+--------------+

