

================================================================
== Synthesis Summary Report of 'up_kernel'
================================================================
+ General Information: 
    * Date:           Fri Apr  2 23:34:44 2021
    * Version:        2020.2 (Build 3064766 on Wed Nov 18 09:12:47 MST 2020)
    * Project:        multi_hbm_up_kernel
    * Solution:       solution (Vitis Kernel Flow Target)
    * Product family: virtexuplus
    * Target device:  xcu200-fsgd2104-2-e
    

+ Performance & Resource Estimates: 
    
    PS: '+' for module; 'o' for loop; '*' for dataflow
    +--------------------------------------+--------+-------+---------+-----------+----------+---------+------+----------+----------+------------+-------------+-------------+-----+
    |                Modules               |  Issue |       | Latency |  Latency  | Iteration|         | Trip |          |          |            |             |             |     |
    |                & Loops               |  Type  | Slack | (cycles)|    (ns)   |  Latency | Interval| Count| Pipelined|   BRAM   |     DSP    |      FF     |     LUT     | URAM|
    +--------------------------------------+--------+-------+---------+-----------+----------+---------+------+----------+----------+------------+-------------+-------------+-----+
    |+ up_kernel                           |  Timing|   0.00|    35857|  1.195e+05|         -|    35858|     -|        no|  150 (3%)|  1104 (16%)|  199611 (8%)|  108388 (9%)|    -|
    | + grp_lc_mgvf_fu_179                 |  Timing|   0.00|     4480|  1.493e+04|         -|     4480|     -|        no|         -|  1104 (16%)|  191555 (8%)|   99003 (8%)|    -|
    |  + grp_lc_mgvf_stencil_core_fu_5091  |       -|  -0.09|       90|    299.970|         -|        1|     -|       yes|         -|     69 (1%)|   9946 (~0%)|   5751 (~0%)|    -|
    |  + grp_lc_mgvf_stencil_core_fu_5109  |       -|  -0.09|       90|    299.970|         -|        1|     -|       yes|         -|     69 (1%)|   9946 (~0%)|   5751 (~0%)|    -|
    |  + grp_lc_mgvf_stencil_core_fu_5129  |       -|  -0.09|       90|    299.970|         -|        1|     -|       yes|         -|     69 (1%)|   9946 (~0%)|   5751 (~0%)|    -|
    |  + grp_lc_mgvf_stencil_core_fu_5149  |       -|  -0.09|       90|    299.970|         -|        1|     -|       yes|         -|     69 (1%)|   9946 (~0%)|   5751 (~0%)|    -|
    |  + grp_lc_mgvf_stencil_core_fu_5169  |       -|  -0.09|       90|    299.970|         -|        1|     -|       yes|         -|     69 (1%)|   9946 (~0%)|   5751 (~0%)|    -|
    |  + grp_lc_mgvf_stencil_core_fu_5189  |       -|  -0.09|       90|    299.970|         -|        1|     -|       yes|         -|     69 (1%)|   9946 (~0%)|   5751 (~0%)|    -|
    |  + grp_lc_mgvf_stencil_core_fu_5209  |       -|  -0.09|       90|    299.970|         -|        1|     -|       yes|         -|     69 (1%)|   9946 (~0%)|   5751 (~0%)|    -|
    |  + grp_lc_mgvf_stencil_core_fu_5229  |       -|  -0.09|       90|    299.970|         -|        1|     -|       yes|         -|     69 (1%)|   9946 (~0%)|   5751 (~0%)|    -|
    |  + grp_lc_mgvf_stencil_core_fu_5249  |       -|  -0.09|       90|    299.970|         -|        1|     -|       yes|         -|     69 (1%)|   9946 (~0%)|   5751 (~0%)|    -|
    |  + grp_lc_mgvf_stencil_core_fu_5269  |       -|  -0.09|       90|    299.970|         -|        1|     -|       yes|         -|     69 (1%)|   9946 (~0%)|   5751 (~0%)|    -|
    |  + grp_lc_mgvf_stencil_core_fu_5289  |       -|  -0.09|       90|    299.970|         -|        1|     -|       yes|         -|     69 (1%)|   9946 (~0%)|   5751 (~0%)|    -|
    |  + grp_lc_mgvf_stencil_core_fu_5309  |       -|  -0.09|       90|    299.970|         -|        1|     -|       yes|         -|     69 (1%)|   9946 (~0%)|   5751 (~0%)|    -|
    |  + grp_lc_mgvf_stencil_core_fu_5329  |       -|  -0.09|       90|    299.970|         -|        1|     -|       yes|         -|     69 (1%)|   9946 (~0%)|   5751 (~0%)|    -|
    |  + grp_lc_mgvf_stencil_core_fu_5349  |       -|  -0.09|       90|    299.970|         -|        1|     -|       yes|         -|     69 (1%)|   9946 (~0%)|   5751 (~0%)|    -|
    |  + grp_lc_mgvf_stencil_core_fu_5369  |       -|  -0.09|       90|    299.970|         -|        1|     -|       yes|         -|     69 (1%)|   9946 (~0%)|   5751 (~0%)|    -|
    |  + grp_lc_mgvf_stencil_core_fu_5389  |       -|  -0.09|       90|    299.970|         -|        1|     -|       yes|         -|     69 (1%)|   9946 (~0%)|   5751 (~0%)|    -|
    |  o VITIS_LOOP_58_1                   |       -|  -2.43|       11|     36.663|         2|        1|    10|       yes|         -|           -|            -|            -|    -|
    |  o MAJOR_LOOP                        |       -|  -2.43|     4258|  1.419e+04|       164|        1|  4096|       yes|         -|           -|            -|            -|    -|
    | o VITIS_LOOP_182_1                   |       -|  -2.43|    35856|  1.195e+05|      4482|        -|     8|        no|         -|           -|            -|            -|    -|
    +--------------------------------------+--------+-------+---------+-----------+----------+---------+------+----------+----------+------------+-------------+-------------+-----+

