

================================================================
== Vitis HLS Report for 'up_kernel'
================================================================
* Date:           Mon Mar 29 16:49:15 2021

* Version:        2020.2 (Build 3064766 on Wed Nov 18 09:12:47 MST 2020)
* Project:        multi_hbm_up_kernel
* Solution:       solution (Vitis Kernel Flow Target)
* Product family: virtexuplus
* Target device:  xcu200-fsgd2104-2-e


================================================================
== Performance Estimates
================================================================
+ Timing: 
    * Summary: 
    +--------+---------+----------+------------+
    |  Clock |  Target | Estimated| Uncertainty|
    +--------+---------+----------+------------+
    |ap_clk  |  3.33 ns|  2.665 ns|     0.90 ns|
    +--------+---------+----------+------------+

+ Latency: 
    * Summary: 
    +---------+---------+----------+----------+--------+--------+---------+
    |  Latency (cycles) |  Latency (absolute) |     Interval    | Pipeline|
    |   min   |   max   |    min   |    max   |   min  |   max  |   Type  |
    +---------+---------+----------+----------+--------+--------+---------+
    |   263969|   263969|  0.880 ms|  0.880 ms|  263970|  263970|     none|
    +---------+---------+----------+----------+--------+--------+---------+

    + Detail: 
        * Instance: 
        +--------------------+---------+---------+---------+----------+----------+-------+-------+---------+
        |                    |         |  Latency (cycles) |  Latency (absolute) |    Interval   | Pipeline|
        |      Instance      |  Module |   min   |   max   |    min   |    max   |  min  |  max  |   Type  |
        +--------------------+---------+---------+---------+----------+----------+-------+-------+---------+
        |grp_lc_mgvf_fu_173  |lc_mgvf  |    65990|    65990|  0.220 ms|  0.220 ms|  65990|  65990|     none|
        +--------------------+---------+---------+---------+----------+----------+-------+-------+---------+

        * Loop: 
        +--------------------+---------+---------+----------+-----------+-----------+------+----------+
        |                    |  Latency (cycles) | Iteration|  Initiation Interval  | Trip |          |
        |      Loop Name     |   min   |   max   |  Latency |  achieved |   target  | Count| Pipelined|
        +--------------------+---------+---------+----------+-----------+-----------+------+----------+
        |- VITIS_LOOP_169_1  |   263968|   263968|    131984|          -|          -|     2|        no|
        +--------------------+---------+---------+----------+-----------+-----------+------+----------+



================================================================
== Utilization Estimates
================================================================
* Summary: 
+---------------------+---------+------+---------+---------+-----+
|         Name        | BRAM_18K|  DSP |    FF   |   LUT   | URAM|
+---------------------+---------+------+---------+---------+-----+
|DSP                  |        -|     -|        -|        -|    -|
|Expression           |        -|     -|        0|      311|    -|
|FIFO                 |        -|     -|        -|        -|    -|
|Instance             |      150|    69|    58031|    29553|    -|
|Memory               |        -|     -|        -|        -|    -|
|Multiplexer          |        -|     -|        -|      463|    -|
|Register             |        -|     -|      591|        -|    -|
+---------------------+---------+------+---------+---------+-----+
|Total                |      150|    69|    58622|    30327|    0|
+---------------------+---------+------+---------+---------+-----+
|Available SLR        |     1440|  2280|   788160|   394080|  320|
+---------------------+---------+------+---------+---------+-----+
|Utilization SLR (%)  |       10|     3|        7|        7|    0|
+---------------------+---------+------+---------+---------+-----+
|Available            |     4320|  6840|  2364480|  1182240|  960|
+---------------------+---------+------+---------+---------+-----+
|Utilization (%)      |        3|     1|        2|        2|    0|
+---------------------+---------+------+---------+---------+-----+

+ Detail: 
    * Instance: 
    +--------------------+-----------------+---------+----+-------+-------+-----+
    |      Instance      |      Module     | BRAM_18K| DSP|   FF  |  LUT  | URAM|
    +--------------------+-----------------+---------+----+-------+-------+-----+
    |I1_m_axi_U          |I1_m_axi         |       30|   0|   1415|   1585|    0|
    |control_s_axi_U     |control_s_axi    |        0|   0|    386|    680|    0|
    |imgvf1_m_axi_U      |imgvf1_m_axi     |       30|   0|   1415|   1585|    0|
    |grp_lc_mgvf_fu_173  |lc_mgvf          |        0|  69|  50570|  20948|    0|
    |port_from_m_axi_U   |port_from_m_axi  |       30|   0|   1415|   1585|    0|
    |port_to_m_axi_U     |port_to_m_axi    |       30|   0|   1415|   1585|    0|
    |result1_m_axi_U     |result1_m_axi    |       30|   0|   1415|   1585|    0|
    +--------------------+-----------------+---------+----+-------+-------+-----+
    |Total               |                 |      150|  69|  58031|  29553|    0|
    +--------------------+-----------------+---------+----+-------+-------+-----+

    * DSP: 
    N/A

    * Memory: 
    N/A

    * FIFO: 
    N/A

    * Expression: 
    +----------------------+----------+----+---+----+------------+------------+
    |     Variable Name    | Operation| DSP| FF| LUT| Bitwidth P0| Bitwidth P1|
    +----------------------+----------+----+---+----+------------+------------+
    |empty_38_fu_202_p2    |         +|   0|  0|  71|          64|          14|
    |empty_39_fu_208_p2    |         +|   0|  0|  71|          64|          11|
    |empty_40_fu_214_p2    |         +|   0|  0|  71|          64|          14|
    |empty_fu_196_p2       |         +|   0|  0|  71|          64|          11|
    |i_1_fu_220_p2         |         +|   0|  0|   9|           2|           1|
    |icmp_ln169_fu_226_p2  |      icmp|   0|  0|   8|           2|           3|
    |icmp_ln170_fu_232_p2  |      icmp|   0|  0|   8|           2|           1|
    |ap_block_state1       |        or|   0|  0|   2|           1|           1|
    +----------------------+----------+----+---+----+------------+------------+
    |Total                 |          |   0|  0| 311|         263|          56|
    +----------------------+----------+----+---+----+------------+------------+

    * Multiplexer: 
    +------------------------------------------+----+-----------+-----+-----------+
    |                   Name                   | LUT| Input Size| Bits| Total Bits|
    +------------------------------------------+----+-----------+-----+-----------+
    |I1_ARVALID                                |   9|          2|    1|          2|
    |I1_RREADY                                 |   9|          2|    1|          2|
    |ap_NS_fsm                                 |  31|          6|    1|          6|
    |ap_done                                   |   9|          2|    1|          2|
    |grp_lc_mgvf_fu_173_buffer_from            |  14|          3|   64|        192|
    |grp_lc_mgvf_fu_173_buffer_to              |  14|          3|   64|        192|
    |grp_lc_mgvf_fu_173_first_round            |  14|          3|    1|          3|
    |grp_lc_mgvf_fu_173_imgvf                  |  14|          3|   64|        192|
    |grp_lc_mgvf_fu_173_m_axi_imgvf1_ARREADY   |  14|          3|    1|          3|
    |grp_lc_mgvf_fu_173_m_axi_imgvf1_RDATA     |  14|          3|  512|       1536|
    |grp_lc_mgvf_fu_173_m_axi_imgvf1_RID       |  14|          3|    1|          3|
    |grp_lc_mgvf_fu_173_m_axi_imgvf1_RLAST     |  14|          3|    1|          3|
    |grp_lc_mgvf_fu_173_m_axi_imgvf1_RRESP     |  14|          3|    2|          6|
    |grp_lc_mgvf_fu_173_m_axi_imgvf1_RUSER     |  14|          3|    1|          3|
    |grp_lc_mgvf_fu_173_m_axi_imgvf1_RVALID    |  14|          3|    1|          3|
    |grp_lc_mgvf_fu_173_m_axi_result1_AWREADY  |  14|          3|    1|          3|
    |grp_lc_mgvf_fu_173_m_axi_result1_BID      |  14|          3|    1|          3|
    |grp_lc_mgvf_fu_173_m_axi_result1_BRESP    |  14|          3|    2|          6|
    |grp_lc_mgvf_fu_173_m_axi_result1_BUSER    |  14|          3|    1|          3|
    |grp_lc_mgvf_fu_173_m_axi_result1_BVALID   |  14|          3|    1|          3|
    |grp_lc_mgvf_fu_173_m_axi_result1_WREADY   |  14|          3|    1|          3|
    |grp_lc_mgvf_fu_173_result                 |  14|          3|   64|        192|
    |i_reg_162                                 |   9|          2|    2|          4|
    |imgvf1_ARVALID                            |   9|          2|    1|          2|
    |imgvf1_AWVALID                            |   9|          2|    1|          2|
    |imgvf1_BREADY                             |   9|          2|    1|          2|
    |imgvf1_RREADY                             |   9|          2|    1|          2|
    |imgvf1_WVALID                             |   9|          2|    1|          2|
    |port_from_ARVALID                         |   9|          2|    1|          2|
    |port_from_RREADY                          |   9|          2|    1|          2|
    |port_to_AWVALID                           |   9|          2|    1|          2|
    |port_to_BREADY                            |   9|          2|    1|          2|
    |port_to_WVALID                            |   9|          2|    1|          2|
    |result1_ARVALID                           |   9|          2|    1|          2|
    |result1_AWVALID                           |   9|          2|    1|          2|
    |result1_BREADY                            |   9|          2|    1|          2|
    |result1_RREADY                            |   9|          2|    1|          2|
    |result1_WVALID                            |   9|          2|    1|          2|
    |syn_master_TDATA_blk_n                    |   9|          2|    1|          2|
    +------------------------------------------+----+-----------+-----+-----------+
    |Total                                     | 463|        100|  805|       2397|
    +------------------------------------------+----+-----------+-----+-----------+

    * Register: 
    +---------------------------------+----+----+-----+-----------+
    |               Name              | FF | LUT| Bits| Const Bits|
    +---------------------------------+----+----+-----+-----------+
    |I_read_reg_249                   |  64|   0|   64|          0|
    |ap_CS_fsm                        |   5|   0|    5|          0|
    |ap_done_reg                      |   1|   0|    1|          0|
    |ap_rst_n_inv                     |   1|   0|    1|          0|
    |ap_rst_reg_1                     |   1|   0|    1|          0|
    |ap_rst_reg_2                     |   1|   0|    1|          0|
    |empty_38_reg_269                 |  64|   0|   64|          0|
    |empty_39_reg_274                 |  64|   0|   64|          0|
    |empty_40_reg_279                 |  64|   0|   64|          0|
    |empty_reg_264                    |  64|   0|   64|          0|
    |grp_lc_mgvf_fu_173_ap_start_reg  |   1|   0|    1|          0|
    |i_1_reg_284                      |   2|   0|    2|          0|
    |i_reg_162                        |   2|   0|    2|          0|
    |icmp_ln170_reg_292               |   1|   0|    1|          0|
    |imgvf_read_reg_254               |  64|   0|   64|          0|
    |port_from_offset_read_reg_239    |  64|   0|   64|          0|
    |port_to_offset_read_reg_244      |  64|   0|   64|          0|
    |result_read_reg_259              |  64|   0|   64|          0|
    +---------------------------------+----+----+-----+-----------+
    |Total                            | 591|   0|  591|          0|
    +---------------------------------+----+----+-----+-----------+



================================================================
== Interface
================================================================
* Summary: 
+--------------------------+-----+-----+---------------+---------------------+--------------+
|         RTL Ports        | Dir | Bits|    Protocol   |    Source Object    |    C Type    |
+--------------------------+-----+-----+---------------+---------------------+--------------+
|s_axi_control_AWVALID     |   in|    1|          s_axi|              control|        scalar|
|s_axi_control_AWREADY     |  out|    1|          s_axi|              control|        scalar|
|s_axi_control_AWADDR      |   in|    7|          s_axi|              control|        scalar|
|s_axi_control_WVALID      |   in|    1|          s_axi|              control|        scalar|
|s_axi_control_WREADY      |  out|    1|          s_axi|              control|        scalar|
|s_axi_control_WDATA       |   in|   32|          s_axi|              control|        scalar|
|s_axi_control_WSTRB       |   in|    4|          s_axi|              control|        scalar|
|s_axi_control_ARVALID     |   in|    1|          s_axi|              control|        scalar|
|s_axi_control_ARREADY     |  out|    1|          s_axi|              control|        scalar|
|s_axi_control_ARADDR      |   in|    7|          s_axi|              control|        scalar|
|s_axi_control_RVALID      |  out|    1|          s_axi|              control|        scalar|
|s_axi_control_RREADY      |   in|    1|          s_axi|              control|        scalar|
|s_axi_control_RDATA       |  out|   32|          s_axi|              control|        scalar|
|s_axi_control_RRESP       |  out|    2|          s_axi|              control|        scalar|
|s_axi_control_BVALID      |  out|    1|          s_axi|              control|        scalar|
|s_axi_control_BREADY      |   in|    1|          s_axi|              control|        scalar|
|s_axi_control_BRESP       |  out|    2|          s_axi|              control|        scalar|
|ap_clk                    |   in|    1|  ap_ctrl_chain|            up_kernel|  return value|
|ap_rst_n                  |   in|    1|  ap_ctrl_chain|            up_kernel|  return value|
|interrupt                 |  out|    1|  ap_ctrl_chain|            up_kernel|  return value|
|m_axi_result1_AWVALID     |  out|    1|          m_axi|              result1|       pointer|
|m_axi_result1_AWREADY     |   in|    1|          m_axi|              result1|       pointer|
|m_axi_result1_AWADDR      |  out|   64|          m_axi|              result1|       pointer|
|m_axi_result1_AWID        |  out|    1|          m_axi|              result1|       pointer|
|m_axi_result1_AWLEN       |  out|    8|          m_axi|              result1|       pointer|
|m_axi_result1_AWSIZE      |  out|    3|          m_axi|              result1|       pointer|
|m_axi_result1_AWBURST     |  out|    2|          m_axi|              result1|       pointer|
|m_axi_result1_AWLOCK      |  out|    2|          m_axi|              result1|       pointer|
|m_axi_result1_AWCACHE     |  out|    4|          m_axi|              result1|       pointer|
|m_axi_result1_AWPROT      |  out|    3|          m_axi|              result1|       pointer|
|m_axi_result1_AWQOS       |  out|    4|          m_axi|              result1|       pointer|
|m_axi_result1_AWREGION    |  out|    4|          m_axi|              result1|       pointer|
|m_axi_result1_AWUSER      |  out|    1|          m_axi|              result1|       pointer|
|m_axi_result1_WVALID      |  out|    1|          m_axi|              result1|       pointer|
|m_axi_result1_WREADY      |   in|    1|          m_axi|              result1|       pointer|
|m_axi_result1_WDATA       |  out|  512|          m_axi|              result1|       pointer|
|m_axi_result1_WSTRB       |  out|   64|          m_axi|              result1|       pointer|
|m_axi_result1_WLAST       |  out|    1|          m_axi|              result1|       pointer|
|m_axi_result1_WID         |  out|    1|          m_axi|              result1|       pointer|
|m_axi_result1_WUSER       |  out|    1|          m_axi|              result1|       pointer|
|m_axi_result1_ARVALID     |  out|    1|          m_axi|              result1|       pointer|
|m_axi_result1_ARREADY     |   in|    1|          m_axi|              result1|       pointer|
|m_axi_result1_ARADDR      |  out|   64|          m_axi|              result1|       pointer|
|m_axi_result1_ARID        |  out|    1|          m_axi|              result1|       pointer|
|m_axi_result1_ARLEN       |  out|    8|          m_axi|              result1|       pointer|
|m_axi_result1_ARSIZE      |  out|    3|          m_axi|              result1|       pointer|
|m_axi_result1_ARBURST     |  out|    2|          m_axi|              result1|       pointer|
|m_axi_result1_ARLOCK      |  out|    2|          m_axi|              result1|       pointer|
|m_axi_result1_ARCACHE     |  out|    4|          m_axi|              result1|       pointer|
|m_axi_result1_ARPROT      |  out|    3|          m_axi|              result1|       pointer|
|m_axi_result1_ARQOS       |  out|    4|          m_axi|              result1|       pointer|
|m_axi_result1_ARREGION    |  out|    4|          m_axi|              result1|       pointer|
|m_axi_result1_ARUSER      |  out|    1|          m_axi|              result1|       pointer|
|m_axi_result1_RVALID      |   in|    1|          m_axi|              result1|       pointer|
|m_axi_result1_RREADY      |  out|    1|          m_axi|              result1|       pointer|
|m_axi_result1_RDATA       |   in|  512|          m_axi|              result1|       pointer|
|m_axi_result1_RLAST       |   in|    1|          m_axi|              result1|       pointer|
|m_axi_result1_RID         |   in|    1|          m_axi|              result1|       pointer|
|m_axi_result1_RUSER       |   in|    1|          m_axi|              result1|       pointer|
|m_axi_result1_RRESP       |   in|    2|          m_axi|              result1|       pointer|
|m_axi_result1_BVALID      |   in|    1|          m_axi|              result1|       pointer|
|m_axi_result1_BREADY      |  out|    1|          m_axi|              result1|       pointer|
|m_axi_result1_BRESP       |   in|    2|          m_axi|              result1|       pointer|
|m_axi_result1_BID         |   in|    1|          m_axi|              result1|       pointer|
|m_axi_result1_BUSER       |   in|    1|          m_axi|              result1|       pointer|
|m_axi_imgvf1_AWVALID      |  out|    1|          m_axi|               imgvf1|       pointer|
|m_axi_imgvf1_AWREADY      |   in|    1|          m_axi|               imgvf1|       pointer|
|m_axi_imgvf1_AWADDR       |  out|   64|          m_axi|               imgvf1|       pointer|
|m_axi_imgvf1_AWID         |  out|    1|          m_axi|               imgvf1|       pointer|
|m_axi_imgvf1_AWLEN        |  out|    8|          m_axi|               imgvf1|       pointer|
|m_axi_imgvf1_AWSIZE       |  out|    3|          m_axi|               imgvf1|       pointer|
|m_axi_imgvf1_AWBURST      |  out|    2|          m_axi|               imgvf1|       pointer|
|m_axi_imgvf1_AWLOCK       |  out|    2|          m_axi|               imgvf1|       pointer|
|m_axi_imgvf1_AWCACHE      |  out|    4|          m_axi|               imgvf1|       pointer|
|m_axi_imgvf1_AWPROT       |  out|    3|          m_axi|               imgvf1|       pointer|
|m_axi_imgvf1_AWQOS        |  out|    4|          m_axi|               imgvf1|       pointer|
|m_axi_imgvf1_AWREGION     |  out|    4|          m_axi|               imgvf1|       pointer|
|m_axi_imgvf1_AWUSER       |  out|    1|          m_axi|               imgvf1|       pointer|
|m_axi_imgvf1_WVALID       |  out|    1|          m_axi|               imgvf1|       pointer|
|m_axi_imgvf1_WREADY       |   in|    1|          m_axi|               imgvf1|       pointer|
|m_axi_imgvf1_WDATA        |  out|  512|          m_axi|               imgvf1|       pointer|
|m_axi_imgvf1_WSTRB        |  out|   64|          m_axi|               imgvf1|       pointer|
|m_axi_imgvf1_WLAST        |  out|    1|          m_axi|               imgvf1|       pointer|
|m_axi_imgvf1_WID          |  out|    1|          m_axi|               imgvf1|       pointer|
|m_axi_imgvf1_WUSER        |  out|    1|          m_axi|               imgvf1|       pointer|
|m_axi_imgvf1_ARVALID      |  out|    1|          m_axi|               imgvf1|       pointer|
|m_axi_imgvf1_ARREADY      |   in|    1|          m_axi|               imgvf1|       pointer|
|m_axi_imgvf1_ARADDR       |  out|   64|          m_axi|               imgvf1|       pointer|
|m_axi_imgvf1_ARID         |  out|    1|          m_axi|               imgvf1|       pointer|
|m_axi_imgvf1_ARLEN        |  out|    8|          m_axi|               imgvf1|       pointer|
|m_axi_imgvf1_ARSIZE       |  out|    3|          m_axi|               imgvf1|       pointer|
|m_axi_imgvf1_ARBURST      |  out|    2|          m_axi|               imgvf1|       pointer|
|m_axi_imgvf1_ARLOCK       |  out|    2|          m_axi|               imgvf1|       pointer|
|m_axi_imgvf1_ARCACHE      |  out|    4|          m_axi|               imgvf1|       pointer|
|m_axi_imgvf1_ARPROT       |  out|    3|          m_axi|               imgvf1|       pointer|
|m_axi_imgvf1_ARQOS        |  out|    4|          m_axi|               imgvf1|       pointer|
|m_axi_imgvf1_ARREGION     |  out|    4|          m_axi|               imgvf1|       pointer|
|m_axi_imgvf1_ARUSER       |  out|    1|          m_axi|               imgvf1|       pointer|
|m_axi_imgvf1_RVALID       |   in|    1|          m_axi|               imgvf1|       pointer|
|m_axi_imgvf1_RREADY       |  out|    1|          m_axi|               imgvf1|       pointer|
|m_axi_imgvf1_RDATA        |   in|  512|          m_axi|               imgvf1|       pointer|
|m_axi_imgvf1_RLAST        |   in|    1|          m_axi|               imgvf1|       pointer|
|m_axi_imgvf1_RID          |   in|    1|          m_axi|               imgvf1|       pointer|
|m_axi_imgvf1_RUSER        |   in|    1|          m_axi|               imgvf1|       pointer|
|m_axi_imgvf1_RRESP        |   in|    2|          m_axi|               imgvf1|       pointer|
|m_axi_imgvf1_BVALID       |   in|    1|          m_axi|               imgvf1|       pointer|
|m_axi_imgvf1_BREADY       |  out|    1|          m_axi|               imgvf1|       pointer|
|m_axi_imgvf1_BRESP        |   in|    2|          m_axi|               imgvf1|       pointer|
|m_axi_imgvf1_BID          |   in|    1|          m_axi|               imgvf1|       pointer|
|m_axi_imgvf1_BUSER        |   in|    1|          m_axi|               imgvf1|       pointer|
|m_axi_I1_AWVALID          |  out|    1|          m_axi|                   I1|       pointer|
|m_axi_I1_AWREADY          |   in|    1|          m_axi|                   I1|       pointer|
|m_axi_I1_AWADDR           |  out|   64|          m_axi|                   I1|       pointer|
|m_axi_I1_AWID             |  out|    1|          m_axi|                   I1|       pointer|
|m_axi_I1_AWLEN            |  out|    8|          m_axi|                   I1|       pointer|
|m_axi_I1_AWSIZE           |  out|    3|          m_axi|                   I1|       pointer|
|m_axi_I1_AWBURST          |  out|    2|          m_axi|                   I1|       pointer|
|m_axi_I1_AWLOCK           |  out|    2|          m_axi|                   I1|       pointer|
|m_axi_I1_AWCACHE          |  out|    4|          m_axi|                   I1|       pointer|
|m_axi_I1_AWPROT           |  out|    3|          m_axi|                   I1|       pointer|
|m_axi_I1_AWQOS            |  out|    4|          m_axi|                   I1|       pointer|
|m_axi_I1_AWREGION         |  out|    4|          m_axi|                   I1|       pointer|
|m_axi_I1_AWUSER           |  out|    1|          m_axi|                   I1|       pointer|
|m_axi_I1_WVALID           |  out|    1|          m_axi|                   I1|       pointer|
|m_axi_I1_WREADY           |   in|    1|          m_axi|                   I1|       pointer|
|m_axi_I1_WDATA            |  out|  512|          m_axi|                   I1|       pointer|
|m_axi_I1_WSTRB            |  out|   64|          m_axi|                   I1|       pointer|
|m_axi_I1_WLAST            |  out|    1|          m_axi|                   I1|       pointer|
|m_axi_I1_WID              |  out|    1|          m_axi|                   I1|       pointer|
|m_axi_I1_WUSER            |  out|    1|          m_axi|                   I1|       pointer|
|m_axi_I1_ARVALID          |  out|    1|          m_axi|                   I1|       pointer|
|m_axi_I1_ARREADY          |   in|    1|          m_axi|                   I1|       pointer|
|m_axi_I1_ARADDR           |  out|   64|          m_axi|                   I1|       pointer|
|m_axi_I1_ARID             |  out|    1|          m_axi|                   I1|       pointer|
|m_axi_I1_ARLEN            |  out|    8|          m_axi|                   I1|       pointer|
|m_axi_I1_ARSIZE           |  out|    3|          m_axi|                   I1|       pointer|
|m_axi_I1_ARBURST          |  out|    2|          m_axi|                   I1|       pointer|
|m_axi_I1_ARLOCK           |  out|    2|          m_axi|                   I1|       pointer|
|m_axi_I1_ARCACHE          |  out|    4|          m_axi|                   I1|       pointer|
|m_axi_I1_ARPROT           |  out|    3|          m_axi|                   I1|       pointer|
|m_axi_I1_ARQOS            |  out|    4|          m_axi|                   I1|       pointer|
|m_axi_I1_ARREGION         |  out|    4|          m_axi|                   I1|       pointer|
|m_axi_I1_ARUSER           |  out|    1|          m_axi|                   I1|       pointer|
|m_axi_I1_RVALID           |   in|    1|          m_axi|                   I1|       pointer|
|m_axi_I1_RREADY           |  out|    1|          m_axi|                   I1|       pointer|
|m_axi_I1_RDATA            |   in|  512|          m_axi|                   I1|       pointer|
|m_axi_I1_RLAST            |   in|    1|          m_axi|                   I1|       pointer|
|m_axi_I1_RID              |   in|    1|          m_axi|                   I1|       pointer|
|m_axi_I1_RUSER            |   in|    1|          m_axi|                   I1|       pointer|
|m_axi_I1_RRESP            |   in|    2|          m_axi|                   I1|       pointer|
|m_axi_I1_BVALID           |   in|    1|          m_axi|                   I1|       pointer|
|m_axi_I1_BREADY           |  out|    1|          m_axi|                   I1|       pointer|
|m_axi_I1_BRESP            |   in|    2|          m_axi|                   I1|       pointer|
|m_axi_I1_BID              |   in|    1|          m_axi|                   I1|       pointer|
|m_axi_I1_BUSER            |   in|    1|          m_axi|                   I1|       pointer|
|m_axi_port_to_AWVALID     |  out|    1|          m_axi|              port_to|       pointer|
|m_axi_port_to_AWREADY     |   in|    1|          m_axi|              port_to|       pointer|
|m_axi_port_to_AWADDR      |  out|   64|          m_axi|              port_to|       pointer|
|m_axi_port_to_AWID        |  out|    1|          m_axi|              port_to|       pointer|
|m_axi_port_to_AWLEN       |  out|    8|          m_axi|              port_to|       pointer|
|m_axi_port_to_AWSIZE      |  out|    3|          m_axi|              port_to|       pointer|
|m_axi_port_to_AWBURST     |  out|    2|          m_axi|              port_to|       pointer|
|m_axi_port_to_AWLOCK      |  out|    2|          m_axi|              port_to|       pointer|
|m_axi_port_to_AWCACHE     |  out|    4|          m_axi|              port_to|       pointer|
|m_axi_port_to_AWPROT      |  out|    3|          m_axi|              port_to|       pointer|
|m_axi_port_to_AWQOS       |  out|    4|          m_axi|              port_to|       pointer|
|m_axi_port_to_AWREGION    |  out|    4|          m_axi|              port_to|       pointer|
|m_axi_port_to_AWUSER      |  out|    1|          m_axi|              port_to|       pointer|
|m_axi_port_to_WVALID      |  out|    1|          m_axi|              port_to|       pointer|
|m_axi_port_to_WREADY      |   in|    1|          m_axi|              port_to|       pointer|
|m_axi_port_to_WDATA       |  out|  512|          m_axi|              port_to|       pointer|
|m_axi_port_to_WSTRB       |  out|   64|          m_axi|              port_to|       pointer|
|m_axi_port_to_WLAST       |  out|    1|          m_axi|              port_to|       pointer|
|m_axi_port_to_WID         |  out|    1|          m_axi|              port_to|       pointer|
|m_axi_port_to_WUSER       |  out|    1|          m_axi|              port_to|       pointer|
|m_axi_port_to_ARVALID     |  out|    1|          m_axi|              port_to|       pointer|
|m_axi_port_to_ARREADY     |   in|    1|          m_axi|              port_to|       pointer|
|m_axi_port_to_ARADDR      |  out|   64|          m_axi|              port_to|       pointer|
|m_axi_port_to_ARID        |  out|    1|          m_axi|              port_to|       pointer|
|m_axi_port_to_ARLEN       |  out|    8|          m_axi|              port_to|       pointer|
|m_axi_port_to_ARSIZE      |  out|    3|          m_axi|              port_to|       pointer|
|m_axi_port_to_ARBURST     |  out|    2|          m_axi|              port_to|       pointer|
|m_axi_port_to_ARLOCK      |  out|    2|          m_axi|              port_to|       pointer|
|m_axi_port_to_ARCACHE     |  out|    4|          m_axi|              port_to|       pointer|
|m_axi_port_to_ARPROT      |  out|    3|          m_axi|              port_to|       pointer|
|m_axi_port_to_ARQOS       |  out|    4|          m_axi|              port_to|       pointer|
|m_axi_port_to_ARREGION    |  out|    4|          m_axi|              port_to|       pointer|
|m_axi_port_to_ARUSER      |  out|    1|          m_axi|              port_to|       pointer|
|m_axi_port_to_RVALID      |   in|    1|          m_axi|              port_to|       pointer|
|m_axi_port_to_RREADY      |  out|    1|          m_axi|              port_to|       pointer|
|m_axi_port_to_RDATA       |   in|  512|          m_axi|              port_to|       pointer|
|m_axi_port_to_RLAST       |   in|    1|          m_axi|              port_to|       pointer|
|m_axi_port_to_RID         |   in|    1|          m_axi|              port_to|       pointer|
|m_axi_port_to_RUSER       |   in|    1|          m_axi|              port_to|       pointer|
|m_axi_port_to_RRESP       |   in|    2|          m_axi|              port_to|       pointer|
|m_axi_port_to_BVALID      |   in|    1|          m_axi|              port_to|       pointer|
|m_axi_port_to_BREADY      |  out|    1|          m_axi|              port_to|       pointer|
|m_axi_port_to_BRESP       |   in|    2|          m_axi|              port_to|       pointer|
|m_axi_port_to_BID         |   in|    1|          m_axi|              port_to|       pointer|
|m_axi_port_to_BUSER       |   in|    1|          m_axi|              port_to|       pointer|
|m_axi_port_from_AWVALID   |  out|    1|          m_axi|            port_from|       pointer|
|m_axi_port_from_AWREADY   |   in|    1|          m_axi|            port_from|       pointer|
|m_axi_port_from_AWADDR    |  out|   64|          m_axi|            port_from|       pointer|
|m_axi_port_from_AWID      |  out|    1|          m_axi|            port_from|       pointer|
|m_axi_port_from_AWLEN     |  out|    8|          m_axi|            port_from|       pointer|
|m_axi_port_from_AWSIZE    |  out|    3|          m_axi|            port_from|       pointer|
|m_axi_port_from_AWBURST   |  out|    2|          m_axi|            port_from|       pointer|
|m_axi_port_from_AWLOCK    |  out|    2|          m_axi|            port_from|       pointer|
|m_axi_port_from_AWCACHE   |  out|    4|          m_axi|            port_from|       pointer|
|m_axi_port_from_AWPROT    |  out|    3|          m_axi|            port_from|       pointer|
|m_axi_port_from_AWQOS     |  out|    4|          m_axi|            port_from|       pointer|
|m_axi_port_from_AWREGION  |  out|    4|          m_axi|            port_from|       pointer|
|m_axi_port_from_AWUSER    |  out|    1|          m_axi|            port_from|       pointer|
|m_axi_port_from_WVALID    |  out|    1|          m_axi|            port_from|       pointer|
|m_axi_port_from_WREADY    |   in|    1|          m_axi|            port_from|       pointer|
|m_axi_port_from_WDATA     |  out|  512|          m_axi|            port_from|       pointer|
|m_axi_port_from_WSTRB     |  out|   64|          m_axi|            port_from|       pointer|
|m_axi_port_from_WLAST     |  out|    1|          m_axi|            port_from|       pointer|
|m_axi_port_from_WID       |  out|    1|          m_axi|            port_from|       pointer|
|m_axi_port_from_WUSER     |  out|    1|          m_axi|            port_from|       pointer|
|m_axi_port_from_ARVALID   |  out|    1|          m_axi|            port_from|       pointer|
|m_axi_port_from_ARREADY   |   in|    1|          m_axi|            port_from|       pointer|
|m_axi_port_from_ARADDR    |  out|   64|          m_axi|            port_from|       pointer|
|m_axi_port_from_ARID      |  out|    1|          m_axi|            port_from|       pointer|
|m_axi_port_from_ARLEN     |  out|    8|          m_axi|            port_from|       pointer|
|m_axi_port_from_ARSIZE    |  out|    3|          m_axi|            port_from|       pointer|
|m_axi_port_from_ARBURST   |  out|    2|          m_axi|            port_from|       pointer|
|m_axi_port_from_ARLOCK    |  out|    2|          m_axi|            port_from|       pointer|
|m_axi_port_from_ARCACHE   |  out|    4|          m_axi|            port_from|       pointer|
|m_axi_port_from_ARPROT    |  out|    3|          m_axi|            port_from|       pointer|
|m_axi_port_from_ARQOS     |  out|    4|          m_axi|            port_from|       pointer|
|m_axi_port_from_ARREGION  |  out|    4|          m_axi|            port_from|       pointer|
|m_axi_port_from_ARUSER    |  out|    1|          m_axi|            port_from|       pointer|
|m_axi_port_from_RVALID    |   in|    1|          m_axi|            port_from|       pointer|
|m_axi_port_from_RREADY    |  out|    1|          m_axi|            port_from|       pointer|
|m_axi_port_from_RDATA     |   in|  512|          m_axi|            port_from|       pointer|
|m_axi_port_from_RLAST     |   in|    1|          m_axi|            port_from|       pointer|
|m_axi_port_from_RID       |   in|    1|          m_axi|            port_from|       pointer|
|m_axi_port_from_RUSER     |   in|    1|          m_axi|            port_from|       pointer|
|m_axi_port_from_RRESP     |   in|    2|          m_axi|            port_from|       pointer|
|m_axi_port_from_BVALID    |   in|    1|          m_axi|            port_from|       pointer|
|m_axi_port_from_BREADY    |  out|    1|          m_axi|            port_from|       pointer|
|m_axi_port_from_BRESP     |   in|    2|          m_axi|            port_from|       pointer|
|m_axi_port_from_BID       |   in|    1|          m_axi|            port_from|       pointer|
|m_axi_port_from_BUSER     |   in|    1|          m_axi|            port_from|       pointer|
|syn_master_TDATA          |  out|    8|           axis|  syn_master_V_data_V|       pointer|
|syn_master_TVALID         |  out|    1|           axis|  syn_master_V_last_V|       pointer|
|syn_master_TREADY         |   in|    1|           axis|  syn_master_V_last_V|       pointer|
|syn_master_TLAST          |  out|    1|           axis|  syn_master_V_last_V|       pointer|
|syn_master_TKEEP          |  out|    1|           axis|  syn_master_V_keep_V|       pointer|
|syn_master_TSTRB          |  out|    1|           axis|  syn_master_V_strb_V|       pointer|
+--------------------------+-----+-----+---------------+---------------------+--------------+

